[debug] [2025-04-24T00:09:14.164Z] ----------------------------------------------------------------------
[debug] [2025-04-24T00:09:14.166Z] Command:       C:\Program Files\nodejs\node.exe C:\Users\Edwin Valencia\AppData\Roaming\npm\node_modules\firebase-tools\lib\bin\firebase.js init hosting
[debug] [2025-04-24T00:09:14.166Z] CLI Version:   14.2.1
[debug] [2025-04-24T00:09:14.166Z] Platform:      win32
[debug] [2025-04-24T00:09:14.166Z] Node Version:  v22.11.0
[debug] [2025-04-24T00:09:14.166Z] Time:          Wed Apr 23 2025 19:09:14 GMT-0500 (hora estándar de Colombia)
[debug] [2025-04-24T00:09:14.167Z] ----------------------------------------------------------------------
[debug] 
[debug] [2025-04-24T00:09:14.308Z] > command requires scopes: ["email","openid","https://www.googleapis.com/auth/cloudplatformprojects.readonly","https://www.googleapis.com/auth/firebase","https://www.googleapis.com/auth/cloud-platform"]
[debug] [2025-04-24T00:09:14.309Z] > authorizing via signed-in user (harledvalencia01@gmail.com)
[info] 
     ######## #### ########  ######## ########     ###     ######  ########
     ##        ##  ##     ## ##       ##     ##  ##   ##  ##       ##
     ######    ##  ########  ######   ########  #########  ######  ######
     ##        ##  ##    ##  ##       ##     ## ##     ##       ## ##
     ##       #### ##     ## ######## ########  ##     ##  ######  ########

You're about to initialize a Firebase project in this directory:

  D:\NewPortfolio\edwin-portfolio

Before we get started, keep in mind:

  * You are initializing within an existing Firebase project directory

[info] 
=== Project Setup
[info] 
[info] First, let's associate this project directory with a Firebase project.
[info] You can create multiple project aliases by running firebase use --add, 
[info] but for now we'll just set up a default project.
[info] 
[debug] [2025-04-24T00:09:19.599Z] Using project from CLI flag: edwin-portfolio
[debug] [2025-04-24T00:09:19.599Z] Checked if tokens are valid: true, expires at: 1745456938779
[debug] [2025-04-24T00:09:19.599Z] Checked if tokens are valid: true, expires at: 1745456938779
[debug] [2025-04-24T00:09:19.600Z] >>> [apiv2][query] GET https://firebase.googleapis.com/v1beta1/projects/edwin-portfolio [none]
[debug] [2025-04-24T00:09:20.094Z] <<< [apiv2][status] GET https://firebase.googleapis.com/v1beta1/projects/edwin-portfolio 403
[debug] [2025-04-24T00:09:20.094Z] <<< [apiv2][body] GET https://firebase.googleapis.com/v1beta1/projects/edwin-portfolio {"error":{"code":403,"message":"The caller does not have permission","status":"PERMISSION_DENIED"}}
[debug] [2025-04-24T00:09:20.095Z] Request to https://firebase.googleapis.com/v1beta1/projects/edwin-portfolio had HTTP Error: 403, The caller does not have permission
[debug] [2025-04-24T00:09:20.256Z] FirebaseError: Request to https://firebase.googleapis.com/v1beta1/projects/edwin-portfolio had HTTP Error: 403, The caller does not have permission
    at responseToError (C:\Users\Edwin Valencia\AppData\Roaming\npm\node_modules\firebase-tools\lib\responseToError.js:52:12)
    at RetryOperation._fn (C:\Users\Edwin Valencia\AppData\Roaming\npm\node_modules\firebase-tools\lib\apiv2.js:312:77)
    at process.processTicksAndRejections (node:internal/process/task_queues:105:5)
[error] 
[error] Error: Failed to get Firebase project edwin-portfolio. Please make sure the project exists and your account has permission to access it.
